<?xml version="1.0" encoding="utf-8"?><testsuites name="pytest tests"><testsuite name="pytest" errors="0" failures="0" skipped="0" tests="17" time="5.645" timestamp="2026-03-14T07:36:08.939064+00:00" hostname="agent-env-65b3d2a9-a5a6-4d3a-b62f-e16c04c35d98"><testcase classname="backend.tests.test_stripe_checkout.TestExperiencePricesAPI" name="test_get_experience_prices_returns_200" time="0.149" /><testcase classname="backend.tests.test_stripe_checkout.TestExperiencePricesAPI" name="test_experience_prices_has_all_experiences" time="0.108" /><testcase classname="backend.tests.test_stripe_checkout.TestExperiencePricesAPI" name="test_experience_prices_correct_values" time="0.102" /><testcase classname="backend.tests.test_stripe_checkout.TestExperiencePricesAPI" name="test_deposit_is_30_percent" time="0.101" /><testcase classname="backend.tests.test_stripe_checkout.TestStripeCheckoutAPI" name="test_checkout_endpoint_exists" time="0.110" /><testcase classname="backend.tests.test_stripe_checkout.TestStripeCheckoutAPI" name="test_checkout_requires_all_fields" time="0.105" /><testcase classname="backend.tests.test_stripe_checkout.TestStripeCheckoutAPI" name="test_checkout_validates_experience_id" time="0.102" /><testcase classname="backend.tests.test_stripe_checkout.TestStripeCheckoutAPI" name="test_checkout_self_defense_creates_session" time="1.163" /><testcase classname="backend.tests.test_stripe_checkout.TestStripeCheckoutAPI" name="test_checkout_visual_storytelling_creates_session" time="0.498" /><testcase classname="backend.tests.test_stripe_checkout.TestStripeCheckoutAPI" name="test_checkout_language_practice_creates_session" time="0.503" /><testcase classname="backend.tests.test_stripe_checkout.TestStripeCheckoutAPI" name="test_checkout_multiple_participants" time="0.457" /><testcase classname="backend.tests.test_stripe_checkout.TestStripeCheckoutAPI" name="test_checkout_validates_email_format" time="0.436" /><testcase classname="backend.tests.test_stripe_checkout.TestPaymentStatusAPI" name="test_payment_status_invalid_session" time="0.098" /><testcase classname="backend.tests.test_stripe_checkout.TestPaymentStatusAPI" name="test_payment_status_endpoint_exists" time="0.812" /><testcase classname="backend.tests.test_stripe_checkout.TestBookingAPI" name="test_get_booking_invalid_id" time="0.115" /><testcase classname="backend.tests.test_stripe_checkout.TestBookingAPI" name="test_get_booking_after_checkout" time="0.568" /><testcase classname="backend.tests.test_stripe_checkout.TestStripeWebhook" name="test_webhook_endpoint_exists" time="0.150" /></testsuite></testsuites>