<?xml version="1.0" encoding="utf-8"?><testsuites name="pytest tests"><testsuite name="pytest" errors="0" failures="0" skipped="0" tests="12" time="1.504" timestamp="2026-03-12T08:23:28.049473+00:00" hostname="agent-env-d6c3745d-1283-4b7f-baf3-2cd9a325df54"><testcase classname="backend.tests.test_visual_storytelling.TestVisualStorytellingAPI" name="test_visual_storytelling_endpoint_returns_200" time="0.235" /><testcase classname="backend.tests.test_visual_storytelling.TestVisualStorytellingAPI" name="test_visual_storytelling_price_is_350" time="0.097" /><testcase classname="backend.tests.test_visual_storytelling.TestVisualStorytellingAPI" name="test_visual_storytelling_format_is_weekend" time="0.114" /><testcase classname="backend.tests.test_visual_storytelling.TestVisualStorytellingAPI" name="test_visual_storytelling_has_alternating_cities_calendar" time="0.126" /><testcase classname="backend.tests.test_visual_storytelling.TestVisualStorytellingAPI" name="test_visual_storytelling_has_three_tracks" time="0.097" /><testcase classname="backend.tests.test_visual_storytelling.TestVisualStorytellingAPI" name="test_visual_storytelling_destinations" time="0.101" /><testcase classname="backend.tests.test_visual_storytelling.TestVisualStorytellingAPI" name="test_visual_storytelling_max_participants" time="0.101" /><testcase classname="backend.tests.test_visual_storytelling.TestExperiencesListAPI" name="test_experiences_list_returns_200" time="0.121" /><testcase classname="backend.tests.test_visual_storytelling.TestExperiencesListAPI" name="test_experiences_list_contains_visual_storytelling" time="0.105" /><testcase classname="backend.tests.test_visual_storytelling.TestExperiencesListAPI" name="test_experiences_list_has_three_experiences" time="0.100" /><testcase classname="backend.tests.test_visual_storytelling.TestSelfDefenseWeekend" name="test_self_defense_has_weekend_format" time="0.119" /><testcase classname="backend.tests.test_visual_storytelling.TestContactAPI" name="test_contact_submission_for_storytelling" time="0.118" /></testsuite></testsuites>